2023-04-21 14:15:36 info: tempDirectory:c:\Users\User\.vscode\extensions\embold-vscode.embold-0.1.4\temp
2023-04-21 14:15:36 info: Extraction complete for source: c:\Users\User\.vscode\extensions\embold-vscode.embold-0.1.4\resources\embold-scanner-archive.zip, destination: c:\Users\User\.vscode\extensions\embold-vscode.embold-0.1.4\temp
2023-04-21 14:15:36 info: Congratulations, your extension "Embold" is now active!
2023-04-21 14:32:15 info: file:///e%3A/Projects%20demo/OCPL%20Assessment/mui-framer-restro-app/node_modules/fsevents
2023-04-21 14:32:15 error: SQLITE_ERROR: no such table: issues
2023-04-21 14:36:28 info: file:///e%3A/Projects%20demo/OCPL%20Assessment/mui-framer-restro-app/src/reportWebVitals.js
2023-04-21 14:36:28 error: SQLITE_ERROR: no such table: issues
2023-04-21 14:42:36 info: file:///e%3A/Projects%20demo/OCPL%20Assessment/mui-framer-restro-app/src/logo.svg
2023-04-21 14:42:36 error: SQLITE_ERROR: no such table: issues
2023-04-21 18:18:11 info: tempDirectory:c:\Users\User\.vscode\extensions\embold-vscode.embold-0.1.4\temp
2023-04-21 18:18:11 info: Extraction complete for source: c:\Users\User\.vscode\extensions\embold-vscode.embold-0.1.4\resources\embold-scanner-archive.zip, destination: c:\Users\User\.vscode\extensions\embold-vscode.embold-0.1.4\temp
2023-04-21 18:18:11 info: Congratulations, your extension "Embold" is now active!
2023-04-22 09:08:21 info: tempDirectory:c:\Users\User\.vscode\extensions\embold-vscode.embold-0.1.4\temp
2023-04-22 09:08:21 info: Extraction complete for source: c:\Users\User\.vscode\extensions\embold-vscode.embold-0.1.4\resources\embold-scanner-archive.zip, destination: c:\Users\User\.vscode\extensions\embold-vscode.embold-0.1.4\temp
2023-04-22 09:08:21 info: Congratulations, your extension "Embold" is now active!
2023-04-22 09:53:59 info: tempDirectory:c:\Users\User\.vscode\extensions\embold-vscode.embold-0.1.4\temp
2023-04-22 09:53:59 info: Extraction complete for source: c:\Users\User\.vscode\extensions\embold-vscode.embold-0.1.4\resources\embold-scanner-archive.zip, destination: c:\Users\User\.vscode\extensions\embold-vscode.embold-0.1.4\temp
2023-04-22 09:53:59 info: Congratulations, your extension "Embold" is now active!
2023-04-22 12:28:27 info: tempDirectory:c:\Users\User\.vscode\extensions\embold-vscode.embold-0.1.4\temp
2023-04-22 12:28:27 info: Extraction complete for source: c:\Users\User\.vscode\extensions\embold-vscode.embold-0.1.4\resources\embold-scanner-archive.zip, destination: c:\Users\User\.vscode\extensions\embold-vscode.embold-0.1.4\temp
2023-04-22 12:28:27 info: Congratulations, your extension "Embold" is now active!
2023-04-24 23:19:53 info: tempDirectory:c:\Users\User\.vscode\extensions\embold-vscode.embold-0.1.4\temp
2023-04-24 23:19:53 info: Extraction complete for source: c:\Users\User\.vscode\extensions\embold-vscode.embold-0.1.4\resources\embold-scanner-archive.zip, destination: c:\Users\User\.vscode\extensions\embold-vscode.embold-0.1.4\temp
2023-04-24 23:19:53 info: Congratulations, your extension "Embold" is now active!
2023-04-25 10:02:38 info: tempDirectory:c:\Users\User\.vscode\extensions\embold-vscode.embold-0.1.4\temp
2023-04-25 10:02:38 info: Extraction complete for source: c:\Users\User\.vscode\extensions\embold-vscode.embold-0.1.4\resources\embold-scanner-archive.zip, destination: c:\Users\User\.vscode\extensions\embold-vscode.embold-0.1.4\temp
2023-04-25 10:02:38 info: Congratulations, your extension "Embold" is now active!
2023-04-25 10:10:32 info: tempDirectory:c:\Users\User\.vscode\extensions\embold-vscode.embold-0.1.4\temp
2023-04-25 10:10:32 info: Extraction complete for source: c:\Users\User\.vscode\extensions\embold-vscode.embold-0.1.4\resources\embold-scanner-archive.zip, destination: c:\Users\User\.vscode\extensions\embold-vscode.embold-0.1.4\temp
2023-04-25 10:10:32 info: Congratulations, your extension "Embold" is now active!
2023-04-29 10:51:40 info: tempDirectory:c:\Users\User\.vscode\extensions\embold-vscode.embold-0.1.4\temp
2023-04-29 10:51:40 info: Extraction complete for source: c:\Users\User\.vscode\extensions\embold-vscode.embold-0.1.4\resources\embold-scanner-archive.zip, destination: c:\Users\User\.vscode\extensions\embold-vscode.embold-0.1.4\temp
2023-04-29 10:51:40 info: Congratulations, your extension "Embold" is now active!
2023-04-29 13:59:31 info: file:///e%3A/Projects%20demo/OCPL%20Assessment/mui-framer-restro-app/src/assets/banner.jpeg
2023-04-29 13:59:31 info: file:///e%3A/Projects%20demo/OCPL%20Assessment/mui-framer-restro-app/src/assets/banner.jpeg
2023-04-29 13:59:31 error: SQLITE_ERROR: no such table: issues
2023-04-29 13:59:31 error: SQLITE_ERROR: no such table: issues
2023-04-29 13:59:36 info: file:///e%3A/Projects%20demo/OCPL%20Assessment/mui-framer-restro-app/src/assets/banner-restro-1.jpg
2023-04-29 13:59:36 error: SQLITE_ERROR: no such table: issues
2023-04-29 13:59:52 info: file:///e%3A/Projects%20demo/OCPL%20Assessment/mui-framer-restro-app/src/assets/banner-restro-1.jpg
2023-04-29 13:59:52 error: SQLITE_ERROR: no such table: issues
2023-04-29 23:34:04 info: tempDirectory:c:\Users\User\.vscode\extensions\embold-vscode.embold-0.1.4\temp
2023-04-29 23:34:04 info: Extraction complete for source: c:\Users\User\.vscode\extensions\embold-vscode.embold-0.1.4\resources\embold-scanner-archive.zip, destination: c:\Users\User\.vscode\extensions\embold-vscode.embold-0.1.4\temp
2023-04-29 23:34:04 info: Congratulations, your extension "Embold" is now active!
2023-04-30 11:44:03 info: tempDirectory:c:\Users\User\.vscode\extensions\embold-vscode.embold-0.1.4\temp
2023-04-30 11:44:03 info: Extraction complete for source: c:\Users\User\.vscode\extensions\embold-vscode.embold-0.1.4\resources\embold-scanner-archive.zip, destination: c:\Users\User\.vscode\extensions\embold-vscode.embold-0.1.4\temp
2023-04-30 11:44:03 info: Congratulations, your extension "Embold" is now active!
2023-04-30 18:22:40 info: tempDirectory:c:\Users\User\.vscode\extensions\embold-vscode.embold-0.1.4\temp
2023-04-30 18:22:40 info: Extraction complete for source: c:\Users\User\.vscode\extensions\embold-vscode.embold-0.1.4\resources\embold-scanner-archive.zip, destination: c:\Users\User\.vscode\extensions\embold-vscode.embold-0.1.4\temp
2023-04-30 18:22:40 info: Congratulations, your extension "Embold" is now active!
2023-04-30 20:32:05 info: tempDirectory:c:\Users\User\.vscode\extensions\embold-vscode.embold-0.1.4\temp
2023-04-30 20:32:05 info: Extraction complete for source: c:\Users\User\.vscode\extensions\embold-vscode.embold-0.1.4\resources\embold-scanner-archive.zip, destination: c:\Users\User\.vscode\extensions\embold-vscode.embold-0.1.4\temp
2023-04-30 20:32:05 info: Congratulations, your extension "Embold" is now active!
2023-05-01 01:42:50 info: tempDirectory:c:\Users\User\.vscode\extensions\embold-vscode.embold-0.1.4\temp
2023-05-01 01:42:50 info: Extraction complete for source: c:\Users\User\.vscode\extensions\embold-vscode.embold-0.1.4\resources\embold-scanner-archive.zip, destination: c:\Users\User\.vscode\extensions\embold-vscode.embold-0.1.4\temp
2023-05-01 01:42:50 info: Congratulations, your extension "Embold" is now active!
2023-05-02 11:53:59 info: tempDirectory:c:\Users\User\.vscode\extensions\embold-vscode.embold-0.1.4\temp
2023-05-02 11:53:59 info: Extraction complete for source: c:\Users\User\.vscode\extensions\embold-vscode.embold-0.1.4\resources\embold-scanner-archive.zip, destination: c:\Users\User\.vscode\extensions\embold-vscode.embold-0.1.4\temp
2023-05-02 11:53:59 info: Congratulations, your extension "Embold" is now active!
2023-05-02 21:50:15 info: tempDirectory:c:\Users\User\.vscode\extensions\embold-vscode.embold-0.1.4\temp
2023-05-02 21:50:15 info: Extraction complete for source: c:\Users\User\.vscode\extensions\embold-vscode.embold-0.1.4\resources\embold-scanner-archive.zip, destination: c:\Users\User\.vscode\extensions\embold-vscode.embold-0.1.4\temp
2023-05-02 21:50:15 info: Congratulations, your extension "Embold" is now active!
2023-05-04 21:27:13 info: tempDirectory:c:\Users\User\.vscode\extensions\embold-vscode.embold-0.1.4\temp
2023-05-04 21:27:13 info: Extraction complete for source: c:\Users\User\.vscode\extensions\embold-vscode.embold-0.1.4\resources\embold-scanner-archive.zip, destination: c:\Users\User\.vscode\extensions\embold-vscode.embold-0.1.4\temp
2023-05-04 21:27:13 info: Congratulations, your extension "Embold" is now active!
2023-05-05 01:24:24 info: tempDirectory:c:\Users\User\.vscode\extensions\embold-vscode.embold-0.1.4\temp
2023-05-05 01:24:24 info: Extraction complete for source: c:\Users\User\.vscode\extensions\embold-vscode.embold-0.1.4\resources\embold-scanner-archive.zip, destination: c:\Users\User\.vscode\extensions\embold-vscode.embold-0.1.4\temp
2023-05-05 01:24:24 info: Congratulations, your extension "Embold" is now active!
2023-05-05 09:51:10 info: tempDirectory:c:\Users\User\.vscode\extensions\embold-vscode.embold-0.1.4\temp
2023-05-05 09:51:10 info: Extraction complete for source: c:\Users\User\.vscode\extensions\embold-vscode.embold-0.1.4\resources\embold-scanner-archive.zip, destination: c:\Users\User\.vscode\extensions\embold-vscode.embold-0.1.4\temp
2023-05-05 09:51:10 info: Congratulations, your extension "Embold" is now active!
2023-05-05 12:17:26 info: tempDirectory:c:\Users\User\.vscode\extensions\embold-vscode.embold-0.1.4\temp
2023-05-05 12:17:26 info: Extraction complete for source: c:\Users\User\.vscode\extensions\embold-vscode.embold-0.1.4\resources\embold-scanner-archive.zip, destination: c:\Users\User\.vscode\extensions\embold-vscode.embold-0.1.4\temp
2023-05-05 12:17:26 info: Congratulations, your extension "Embold" is now active!
2023-05-05 16:52:41 info: tempDirectory:c:\Users\User\.vscode\extensions\embold-vscode.embold-0.1.4\temp
2023-05-05 16:52:41 info: Extraction complete for source: c:\Users\User\.vscode\extensions\embold-vscode.embold-0.1.4\resources\embold-scanner-archive.zip, destination: c:\Users\User\.vscode\extensions\embold-vscode.embold-0.1.4\temp
2023-05-05 16:52:41 info: Congratulations, your extension "Embold" is now active!
